<?xml version="1.0" encoding="UTF-8"?>
<testng-results ignored="0" total="1" passed="1" failed="0" skipped="0">
  <reporter-output>
  </reporter-output>
  <suite started-at="2024-04-25T14:34:10 IST" name="Default suite" finished-at="2024-04-25T14:35:20 IST" duration-ms="70134">
    <groups>
    </groups>
    <test started-at="2024-04-25T14:34:10 IST" name="Default test" finished-at="2024-04-25T14:35:20 IST" duration-ms="70134">
      <class name="AppiumTesting.AppiumHandson.day2_tc_5">
        <test-method is-config="true" signature="ConfigureAppium()[pri:0, instance:AppiumTesting.AppiumHandson.day2_tc_5@229f66ed]" started-at="2024-04-25T14:34:10 IST" name="ConfigureAppium" finished-at="2024-04-25T14:34:22 IST" duration-ms="12758" status="PASS">
          <reporter-output>
          </reporter-output>
        </test-method> <!-- ConfigureAppium -->
        <test-method signature="FillForm()[pri:0, instance:AppiumTesting.AppiumHandson.day2_tc_5@229f66ed]" started-at="2024-04-25T14:34:22 IST" name="FillForm" finished-at="2024-04-25T14:35:18 IST" duration-ms="55297" status="PASS">
          <reporter-output>
          </reporter-output>
        </test-method> <!-- FillForm -->
        <test-method is-config="true" signature="tearDown()[pri:0, instance:AppiumTesting.AppiumHandson.day2_tc_5@229f66ed]" started-at="2024-04-25T14:35:18 IST" name="tearDown" finished-at="2024-04-25T14:35:20 IST" duration-ms="2019" status="PASS">
          <reporter-output>
          </reporter-output>
        </test-method> <!-- tearDown -->
      </class> <!-- AppiumTesting.AppiumHandson.day2_tc_5 -->
    </test> <!-- Default test -->
  </suite> <!-- Default suite -->
</testng-results>
